2016/06/16 13:33:14 [trace] [system.CModule] Loading "log" application component
in /var/www/spdgm/index.php (13)
2016/06/16 13:33:14 [trace] [system.CModule] Loading "request" application component
in /var/www/spdgm/index.php (13)
2016/06/16 13:33:14 [trace] [system.CModule] Loading "urlManager" application component
in /var/www/spdgm/index.php (13)
2016/06/16 13:33:14 [trace] [system.web.filters.CFilterChain] Running filter LibroFoliosController.filteraccessControl()
in /var/www/spdgm/index.php (13)
2016/06/16 13:33:14 [trace] [system.CModule] Loading "user" application component
in /var/www/spdgm/index.php (13)
2016/06/16 13:33:14 [trace] [system.CModule] Loading "session" application component
in /var/www/spdgm/index.php (13)
2016/06/16 13:33:14 [trace] [system.CModule] Loading "db" application component
in /var/www/spdgm/protected/models/CatEjercicio.php (20)
in /var/www/spdgm/protected/controllers/LibroFoliosController.php (209)
in /var/www/spdgm/index.php (13)
2016/06/16 13:33:14 [trace] [system.db.CDbConnection] Opening DB connection
in /var/www/spdgm/protected/models/CatEjercicio.php (20)
in /var/www/spdgm/protected/controllers/LibroFoliosController.php (209)
in /var/www/spdgm/index.php (13)
2016/06/16 13:33:14 [trace] [system.db.CDbCommand] Querying SQL: SELECT a.attname, LOWER(format_type(a.atttypid, a.atttypmod)) AS type, d.adsrc, a.attnotnull, a.atthasdef,
	pg_catalog.col_description(a.attrelid, a.attnum) AS comment
FROM pg_attribute a LEFT JOIN pg_attrdef d ON a.attrelid = d.adrelid AND a.attnum = d.adnum
WHERE a.attnum > 0 AND NOT a.attisdropped
	AND a.attrelid = (SELECT oid FROM pg_catalog.pg_class WHERE relname=:table
		AND relnamespace = (SELECT oid FROM pg_catalog.pg_namespace WHERE nspname = :schema))
ORDER BY a.attnum
in /var/www/spdgm/protected/models/CatEjercicio.php (20)
in /var/www/spdgm/protected/controllers/LibroFoliosController.php (209)
in /var/www/spdgm/index.php (13)
2016/06/16 13:33:14 [trace] [system.db.CDbCommand] Querying SQL: SELECT conname, consrc, contype, indkey FROM (
	SELECT
		conname,
		CASE WHEN contype='f' THEN
			pg_catalog.pg_get_constraintdef(oid)
		ELSE
			'CHECK (' || consrc || ')'
		END AS consrc,
		contype,
		conrelid AS relid,
		NULL AS indkey
	FROM
		pg_catalog.pg_constraint
	WHERE
		contype IN ('f', 'c')
	UNION ALL
	SELECT
		pc.relname,
		NULL,
		CASE WHEN indisprimary THEN
				'p'
		ELSE
				'u'
		END,
		pi.indrelid,
		indkey
	FROM
		pg_catalog.pg_class pc,
		pg_catalog.pg_index pi
	WHERE
		pc.oid=pi.indexrelid
		AND EXISTS (
			SELECT 1 FROM pg_catalog.pg_depend d JOIN pg_catalog.pg_constraint c
			ON (d.refclassid = c.tableoid AND d.refobjid = c.oid)
			WHERE d.classid = pc.tableoid AND d.objid = pc.oid AND d.deptype = 'i' AND c.contype IN ('u', 'p')
	)
) AS sub
WHERE relid = (SELECT oid FROM pg_catalog.pg_class WHERE relname=:table
	AND relnamespace = (SELECT oid FROM pg_catalog.pg_namespace
	WHERE nspname=:schema))
in /var/www/spdgm/protected/models/CatEjercicio.php (20)
in /var/www/spdgm/protected/controllers/LibroFoliosController.php (209)
in /var/www/spdgm/index.php (13)
2016/06/16 13:33:14 [trace] [system.db.CDbCommand] Querying SQL: SELECT attnum, attname FROM pg_catalog.pg_attribute WHERE
	attrelid=(
		SELECT oid FROM pg_catalog.pg_class WHERE relname=:table AND relnamespace=(
			SELECT oid FROM pg_catalog.pg_namespace WHERE nspname=:schema
		)
	)
    AND attnum IN (1)
in /var/www/spdgm/protected/models/CatEjercicio.php (20)
in /var/www/spdgm/protected/controllers/LibroFoliosController.php (209)
in /var/www/spdgm/index.php (13)
2016/06/16 13:33:14 [trace] [system.db.ar.CActiveRecord] CatEjercicio.findAll()
in /var/www/spdgm/protected/controllers/LibroFoliosController.php (209)
in /var/www/spdgm/index.php (13)
2016/06/16 13:33:14 [trace] [system.db.CDbCommand] Querying SQL: SELECT * FROM "cat_ejercicio" "t" ORDER BY id desc
in /var/www/spdgm/protected/controllers/LibroFoliosController.php (209)
in /var/www/spdgm/index.php (13)
2016/06/16 13:33:14 [trace] [system.CModule] Loading "themeManager" application component
in /var/www/spdgm/protected/controllers/LibroFoliosController.php (213)
in /var/www/spdgm/index.php (13)
2016/06/16 13:33:14 [trace] [system.db.CDbCommand] Querying SQL: SELECT count(id) as registros from libro_folios where id_periodo=21
in /var/www/spdgm/protected/views/libroFolios/index.php (24)
in /var/www/spdgm/protected/controllers/LibroFoliosController.php (213)
in /var/www/spdgm/index.php (13)
2016/06/16 13:33:14 [trace] [system.db.CDbCommand] Querying SQL: SELECT count(id) as registros from libro_folios where id_periodo=20
in /var/www/spdgm/protected/views/libroFolios/index.php (24)
in /var/www/spdgm/protected/controllers/LibroFoliosController.php (213)
in /var/www/spdgm/index.php (13)
2016/06/16 13:33:14 [trace] [system.db.CDbCommand] Querying SQL: SELECT count(id) as registros from libro_folios where id_periodo=19
in /var/www/spdgm/protected/views/libroFolios/index.php (24)
in /var/www/spdgm/protected/controllers/LibroFoliosController.php (213)
in /var/www/spdgm/index.php (13)
2016/06/16 13:33:14 [trace] [system.db.CDbCommand] Querying SQL: SELECT count(id) as registros from libro_folios where id_periodo=18
in /var/www/spdgm/protected/views/libroFolios/index.php (24)
in /var/www/spdgm/protected/controllers/LibroFoliosController.php (213)
in /var/www/spdgm/index.php (13)
2016/06/16 13:33:14 [trace] [system.db.CDbCommand] Querying SQL: SELECT count(id) as registros from libro_folios where id_periodo=17
in /var/www/spdgm/protected/views/libroFolios/index.php (24)
in /var/www/spdgm/protected/controllers/LibroFoliosController.php (213)
in /var/www/spdgm/index.php (13)
2016/06/16 13:33:14 [trace] [system.db.CDbCommand] Querying SQL: SELECT count(id) as registros from libro_folios where id_periodo=16
in /var/www/spdgm/protected/views/libroFolios/index.php (24)
in /var/www/spdgm/protected/controllers/LibroFoliosController.php (213)
in /var/www/spdgm/index.php (13)
2016/06/16 13:33:14 [trace] [system.db.CDbCommand] Querying SQL: SELECT count(id) as registros from libro_folios where id_periodo=15
in /var/www/spdgm/protected/views/libroFolios/index.php (24)
in /var/www/spdgm/protected/controllers/LibroFoliosController.php (213)
in /var/www/spdgm/index.php (13)
2016/06/16 13:33:14 [trace] [system.db.CDbCommand] Querying SQL: SELECT count(id) as registros from libro_folios where id_periodo=14
in /var/www/spdgm/protected/views/libroFolios/index.php (24)
in /var/www/spdgm/protected/controllers/LibroFoliosController.php (213)
in /var/www/spdgm/index.php (13)
2016/06/16 13:33:14 [trace] [system.db.CDbCommand] Querying SQL: SELECT count(id) as registros from libro_folios where id_periodo=13
in /var/www/spdgm/protected/views/libroFolios/index.php (24)
in /var/www/spdgm/protected/controllers/LibroFoliosController.php (213)
in /var/www/spdgm/index.php (13)
2016/06/16 13:33:14 [trace] [system.db.CDbCommand] Querying SQL: SELECT count(id) as registros from libro_folios where id_periodo=12
in /var/www/spdgm/protected/views/libroFolios/index.php (24)
in /var/www/spdgm/protected/controllers/LibroFoliosController.php (213)
in /var/www/spdgm/index.php (13)
2016/06/16 13:33:14 [trace] [system.db.CDbCommand] Querying SQL: SELECT count(id) as registros from libro_folios where id_periodo=11
in /var/www/spdgm/protected/views/libroFolios/index.php (24)
in /var/www/spdgm/protected/controllers/LibroFoliosController.php (213)
in /var/www/spdgm/index.php (13)
2016/06/16 13:33:14 [trace] [system.db.CDbCommand] Querying SQL: SELECT count(id) as registros from libro_folios where id_periodo=10
in /var/www/spdgm/protected/views/libroFolios/index.php (24)
in /var/www/spdgm/protected/controllers/LibroFoliosController.php (213)
in /var/www/spdgm/index.php (13)
2016/06/16 13:33:14 [trace] [system.db.CDbCommand] Querying SQL: SELECT count(id) as registros from libro_folios where id_periodo=9
in /var/www/spdgm/protected/views/libroFolios/index.php (24)
in /var/www/spdgm/protected/controllers/LibroFoliosController.php (213)
in /var/www/spdgm/index.php (13)
2016/06/16 13:33:14 [trace] [system.db.CDbCommand] Querying SQL: SELECT count(id) as registros from libro_folios where id_periodo=8
in /var/www/spdgm/protected/views/libroFolios/index.php (24)
in /var/www/spdgm/protected/controllers/LibroFoliosController.php (213)
in /var/www/spdgm/index.php (13)
2016/06/16 13:33:14 [trace] [system.db.CDbCommand] Querying SQL: SELECT count(id) as registros from libro_folios where id_periodo=7
in /var/www/spdgm/protected/views/libroFolios/index.php (24)
in /var/www/spdgm/protected/controllers/LibroFoliosController.php (213)
in /var/www/spdgm/index.php (13)
2016/06/16 13:33:14 [trace] [system.db.CDbCommand] Querying SQL: SELECT count(id) as registros from libro_folios where id_periodo=6
in /var/www/spdgm/protected/views/libroFolios/index.php (24)
in /var/www/spdgm/protected/controllers/LibroFoliosController.php (213)
in /var/www/spdgm/index.php (13)
2016/06/16 13:33:14 [trace] [system.db.CDbCommand] Querying SQL: SELECT count(id) as registros from libro_folios where id_periodo=5
in /var/www/spdgm/protected/views/libroFolios/index.php (24)
in /var/www/spdgm/protected/controllers/LibroFoliosController.php (213)
in /var/www/spdgm/index.php (13)
2016/06/16 13:33:14 [trace] [system.db.CDbCommand] Querying SQL: SELECT count(id) as registros from libro_folios where id_periodo=4
in /var/www/spdgm/protected/views/libroFolios/index.php (24)
in /var/www/spdgm/protected/controllers/LibroFoliosController.php (213)
in /var/www/spdgm/index.php (13)
2016/06/16 13:33:14 [trace] [system.db.CDbCommand] Querying SQL: SELECT count(id) as registros from libro_folios where id_periodo=3
in /var/www/spdgm/protected/views/libroFolios/index.php (24)
in /var/www/spdgm/protected/controllers/LibroFoliosController.php (213)
in /var/www/spdgm/index.php (13)
2016/06/16 13:33:14 [trace] [system.db.CDbCommand] Querying SQL: SELECT count(id) as registros from libro_folios where id_periodo=2
in /var/www/spdgm/protected/views/libroFolios/index.php (24)
in /var/www/spdgm/protected/controllers/LibroFoliosController.php (213)
in /var/www/spdgm/index.php (13)
2016/06/16 13:33:14 [trace] [system.db.CDbCommand] Querying SQL: SELECT count(id) as registros from libro_folios where id_periodo=1
in /var/www/spdgm/protected/views/libroFolios/index.php (24)
in /var/www/spdgm/protected/controllers/LibroFoliosController.php (213)
in /var/www/spdgm/index.php (13)
2016/06/16 13:33:14 [trace] [system.CModule] Loading "widgetFactory" application component
in /var/www/spdgm/themes/abound/views/layouts/column2.php (2)
in /var/www/spdgm/protected/controllers/LibroFoliosController.php (213)
in /var/www/spdgm/index.php (13)
2016/06/16 13:33:14 [trace] [system.CModule] Loading "clientScript" application component
in /var/www/spdgm/themes/abound/views/layouts/main.php (18)
in /var/www/spdgm/themes/abound/views/layouts/column2.php (39)
in /var/www/spdgm/protected/controllers/LibroFoliosController.php (213)
2016/06/16 13:33:14 [trace] [system.CModule] Loading "assetManager" application component
in /var/www/spdgm/protected/controllers/LibroFoliosController.php (213)
in /var/www/spdgm/index.php (13)
